[{"line":1,"elements":[{"start_timestamp":"2023-07-13T11:25:17.387Z","line":15,"name":"Testing ui training app","description":"","id":"automating-ui-training-app;testing-ui-training-app;;2","type":"scenario","keyword":"Scenario Outline","steps":[{"result":{"duration":10588551000,"status":"passed"},"line":4,"name":"i surf to the website","match":{"location":"com.patron.uiTrainingApp.stepDefinitions.UITrainingStep.openUrl()"},"keyword":"Given "},{"result":{"duration":5531770000,"status":"passed"},"line":5,"name":"i log into app with \"admin\" \"admin\"","match":{"arguments":[{"val":"\"admin\"","offset":20},{"val":"\"admin\"","offset":28}],"location":"com.patron.uiTrainingApp.stepDefinitions.UITrainingStep.login(java.lang.String,java.lang.String)"},"keyword":"When "},{"result":{"duration":5154591000,"status":"passed"},"line":6,"name":"i register a user with \"John\" \"Doe\" \"+32499435282\" 2 \"john.doe@example.com\"","match":{"arguments":[{"val":"\"John\"","offset":23},{"val":"\"Doe\"","offset":30},{"val":"\"+32499435282\"","offset":36},{"val":"2","offset":51},{"val":"\"john.doe@example.com\"","offset":53}],"location":"com.patron.uiTrainingApp.stepDefinitions.UITrainingStep.registerUser(java.lang.String,java.lang.String,java.lang.String,int,java.lang.String)"},"keyword":"When "},{"result":{"duration":1258415000,"status":"passed"},"line":7,"name":"i close all the popups","match":{"location":"com.patron.uiTrainingApp.stepDefinitions.UITrainingStep.closePopups()"},"keyword":"When "},{"result":{"duration":1174813000,"status":"passed"},"line":8,"name":"a confirm banner and a button should appear","match":{"location":"com.patron.uiTrainingApp.stepDefinitions.UITrainingStep.confirmPopUpsAreClosed()"},"keyword":"Then "},{"result":{"duration":5315886000,"status":"passed"},"line":9,"name":"i click 15 coconuts","match":{"location":"com.patron.uiTrainingApp.stepDefinitions.UITrainingStep.clickCoconuts()"},"keyword":"When "},{"result":{"error_message":"Element not found {By.xpath: //button[@id='login-button']}\nExpected: visible\nScreenshot: file:/Users/werk/Documents/selenium_selenide/selenideTestProject/build/reports/tests/1689247550494.0.png\nPage source: file:/Users/werk/Documents/selenium_selenide/selenideTestProject/build/reports/tests/1689247550494.0.html\nTimeout: 4 s.\nCaused by: NoSuchElementException: no such element: Unable to locate element: {\"method\":\"xpath\",\"selector\":\"//button[@id='login-button']\"}\n\tat com.codeborne.selenide.impl.WebElementSource.createElementNotFoundError(WebElementSource.java:91)\n\tat com.codeborne.selenide.impl.ElementFinder.createElementNotFoundError(ElementFinder.java:142)\n\tat com.codeborne.selenide.impl.WebElementSource.handleError(WebElementSource.java:143)\n\tat com.codeborne.selenide.impl.WebElementSource.checkConditionAndReturnElement(WebElementSource.java:127)\n\tat com.codeborne.selenide.impl.WebElementSource.checkCondition(WebElementSource.java:104)\n\tat com.codeborne.selenide.commands.Should.execute(Should.java:30)\n\tat com.codeborne.selenide.commands.Should.execute(Should.java:14)\n\tat com.codeborne.selenide.commands.Commands.execute(Commands.java:162)\n\tat com.codeborne.selenide.impl.SelenideElementProxy.dispatchAndRetry(SelenideElementProxy.java:132)\n\tat com.codeborne.selenide.impl.SelenideElementProxy.invoke(SelenideElementProxy.java:84)\n\tat jdk.proxy2/jdk.proxy2.$Proxy15.shouldBe(Unknown Source)\n\tat com.patron.uiTrainingApp.pages.CoconutPage.verifyCoconuts(CoconutPage.java:33)\n\tat com.patron.uiTrainingApp.stepDefinitions.UITrainingStep.completeTheSite(UITrainingStep.java:53)\n\tat âœ½.i complete the site(file:///Users/werk/Documents/selenium_selenide/selenideTestProject/src/test/java/com/patron/uiTrainingApp/features/uiTraining.feature:10)\nCaused by: org.openqa.selenium.NoSuchElementException: no such element: Unable to locate element: {\"method\":\"xpath\",\"selector\":\"//button[@id='login-button']\"}\n  (Session info: chrome=114.0.5735.198)\nFor documentation on this error, please visit: https://www.selenium.dev/documentation/webdriver/troubleshooting/errors#no-such-element-exception\nBuild info: version: '4.10.0', revision: 'c14d967899'\nSystem info: os.name: 'Mac OS X', os.arch: 'x86_64', os.version: '13.4', java.version: '19.0.1'\nDriver info: org.openqa.selenium.chrome.ChromeDriver\nCommand: [dbe7e7dfcff0180b9dfb8013c6c2fe92, findElement {using=xpath, value=//button[@id='login-button']}]\nCapabilities {acceptInsecureCerts: true, browserName: chrome, browserVersion: 114.0.5735.198, chrome: {chromedriverVersion: 114.0.5735.90 (386bc09e8f4f..., userDataDir: /var/folders/m0/rknbkcc91ls...}, goog:chromeOptions: {debuggerAddress: localhost:50439}, networkConnectionEnabled: false, pageLoadStrategy: normal, platformName: mac, proxy: Proxy(), se:cdp: ws://localhost:50439/devtoo..., se:cdpVersion: 114.0.5735.198, setWindowRect: true, strictFileInteractability: false, timeouts: {implicit: 0, pageLoad: 300000, script: 30000}, unhandledPromptBehavior: accept, webauthn:extension:credBlob: true, webauthn:extension:largeBlob: true, webauthn:extension:minPinLength: true, webauthn:extension:prf: true, webauthn:virtualAuthenticators: true}\nSession ID: dbe7e7dfcff0180b9dfb8013c6c2fe92\n\tat java.base/jdk.internal.reflect.DirectConstructorHandleAccessor.newInstance(DirectConstructorHandleAccessor.java:67)\n\tat java.base/java.lang.reflect.Constructor.newInstanceWithCaller(Constructor.java:500)\n\tat java.base/java.lang.reflect.Constructor.newInstance(Constructor.java:484)\n\tat org.openqa.selenium.remote.codec.w3c.W3CHttpResponseCodec.createException(W3CHttpResponseCodec.java:199)\n\tat org.openqa.selenium.remote.codec.w3c.W3CHttpResponseCodec.decode(W3CHttpResponseCodec.java:132)\n\tat org.openqa.selenium.remote.codec.w3c.W3CHttpResponseCodec.decode(W3CHttpResponseCodec.java:51)\n\tat org.openqa.selenium.remote.HttpCommandExecutor.execute(HttpCommandExecutor.java:191)\n\tat org.openqa.selenium.remote.service.DriverCommandExecutor.invokeExecute(DriverCommandExecutor.java:196)\n\tat org.openqa.selenium.remote.service.DriverCommandExecutor.execute(DriverCommandExecutor.java:171)\n\tat org.openqa.selenium.remote.RemoteWebDriver.execute(RemoteWebDriver.java:531)\n\tat org.openqa.selenium.remote.ElementLocation$ElementFinder$2.findElement(ElementLocation.java:165)\n\tat org.openqa.selenium.remote.ElementLocation.findElement(ElementLocation.java:59)\n\tat org.openqa.selenium.remote.RemoteWebDriver.findElement(RemoteWebDriver.java:350)\n\tat org.openqa.selenium.remote.RemoteWebDriver.findElement(RemoteWebDriver.java:344)\n\tat com.codeborne.selenide.impl.WebElementSelector.findElement(WebElementSelector.java:70)\n\tat com.codeborne.selenide.impl.WebElementSelector.findElement(WebElementSelector.java:44)\n\tat com.codeborne.selenide.impl.WebElementSelector.findElement(WebElementSelector.java:33)\n\tat com.codeborne.selenide.impl.ElementFinder.getWebElement(ElementFinder.java:122)\n\tat com.codeborne.selenide.impl.WebElementSource.checkConditionAndReturnElement(WebElementSource.java:116)\n\tat com.codeborne.selenide.impl.WebElementSource.checkCondition(WebElementSource.java:104)\n\tat com.codeborne.selenide.commands.Should.execute(Should.java:30)\n\tat com.codeborne.selenide.commands.Should.execute(Should.java:14)\n\tat com.codeborne.selenide.commands.Commands.execute(Commands.java:162)\n\tat com.codeborne.selenide.impl.SelenideElementProxy.dispatchAndRetry(SelenideElementProxy.java:132)\n\tat com.codeborne.selenide.impl.SelenideElementProxy.invoke(SelenideElementProxy.java:84)\n\tat jdk.proxy2/jdk.proxy2.$Proxy15.shouldBe(Unknown Source)\n\tat com.patron.uiTrainingApp.pages.CoconutPage.verifyCoconuts(CoconutPage.java:33)\n\tat com.patron.uiTrainingApp.stepDefinitions.UITrainingStep.completeTheSite(UITrainingStep.java:53)\n\tat java.base/jdk.internal.reflect.DirectMethodHandleAccessor.invoke(DirectMethodHandleAccessor.java:104)\n\tat java.base/java.lang.reflect.Method.invoke(Method.java:578)\n\tat io.cucumber.java.Invoker.doInvoke(Invoker.java:66)\n\tat io.cucumber.java.Invoker.invoke(Invoker.java:24)\n\tat io.cucumber.java.AbstractGlueDefinition.invokeMethod(AbstractGlueDefinition.java:47)\n\tat io.cucumber.java.JavaStepDefinition.execute(JavaStepDefinition.java:29)\n\tat io.cucumber.core.runner.CoreStepDefinition.execute(CoreStepDefinition.java:66)\n\tat io.cucumber.core.runner.PickleStepDefinitionMatch.runStep(PickleStepDefinitionMatch.java:63)\n\tat io.cucumber.core.runner.ExecutionMode$1.execute(ExecutionMode.java:10)\n\tat io.cucumber.core.runner.TestStep.executeStep(TestStep.java:84)\n\tat io.cucumber.core.runner.TestStep.run(TestStep.java:56)\n\tat io.cucumber.core.runner.PickleStepTestStep.run(PickleStepTestStep.java:51)\n\tat io.cucumber.core.runner.TestCase.run(TestCase.java:84)\n\tat io.cucumber.core.runner.Runner.runPickle(Runner.java:75)\n\tat io.cucumber.junit.PickleRunners$NoStepDescriptions.lambda$run$0(PickleRunners.java:151)\n\tat io.cucumber.core.runtime.CucumberExecutionContext.lambda$runTestCase$5(CucumberExecutionContext.java:137)\n\tat io.cucumber.core.runtime.RethrowingThrowableCollector.executeAndThrow(RethrowingThrowableCollector.java:23)\n\tat io.cucumber.core.runtime.CucumberExecutionContext.runTestCase(CucumberExecutionContext.java:137)\n\tat io.cucumber.junit.PickleRunners$NoStepDescriptions.run(PickleRunners.java:148)\n\tat io.cucumber.junit.FeatureRunner.runChild(FeatureRunner.java:144)\n\tat io.cucumber.junit.FeatureRunner.runChild(FeatureRunner.java:28)\n\tat org.junit.runners.ParentRunner$4.run(ParentRunner.java:331)\n\tat org.junit.runners.ParentRunner$1.schedule(ParentRunner.java:79)\n\tat org.junit.runners.ParentRunner.runChildren(ParentRunner.java:329)\n\tat org.junit.runners.ParentRunner.access$100(ParentRunner.java:66)\n\tat org.junit.runners.ParentRunner$2.evaluate(ParentRunner.java:293)\n\tat org.junit.runners.ParentRunner$3.evaluate(ParentRunner.java:306)\n\tat org.junit.runners.ParentRunner.run(ParentRunner.java:413)\n\tat io.cucumber.junit.FeatureRunner.run(FeatureRunner.java:137)\n\tat io.cucumber.junit.Cucumber.runChild(Cucumber.java:196)\n\tat io.cucumber.junit.Cucumber.runChild(Cucumber.java:89)\n\tat org.junit.runners.ParentRunner$4.run(ParentRunner.java:331)\n\tat org.junit.runners.ParentRunner$1.schedule(ParentRunner.java:79)\n\tat org.junit.runners.ParentRunner.runChildren(ParentRunner.java:329)\n\tat org.junit.runners.ParentRunner.access$100(ParentRunner.java:66)\n\tat org.junit.runners.ParentRunner$2.evaluate(ParentRunner.java:293)\n\tat io.cucumber.core.runtime.CucumberExecutionContext.lambda$runFeatures$6(CucumberExecutionContext.java:148)\n\tat io.cucumber.core.runtime.CucumberExecutionContext.execute(CucumberExecutionContext.java:163)\n\tat io.cucumber.core.runtime.CucumberExecutionContext.runFeatures(CucumberExecutionContext.java:146)\n\tat io.cucumber.junit.Cucumber$StartAndFinishTestRun.evaluate(Cucumber.java:226)\n\tat org.junit.runners.ParentRunner$3.evaluate(ParentRunner.java:306)\n\tat org.junit.runners.ParentRunner.run(ParentRunner.java:413)\n\tat org.junit.runner.JUnitCore.run(JUnitCore.java:137)\n\tat com.intellij.junit4.JUnit4IdeaTestRunner.startRunnerWithArgs(JUnit4IdeaTestRunner.java:69)\n\tat com.intellij.rt.junit.IdeaTestRunner$Repeater$1.execute(IdeaTestRunner.java:38)\n\tat com.intellij.rt.execution.junit.TestsRepeater.repeat(TestsRepeater.java:11)\n\tat com.intellij.rt.junit.IdeaTestRunner$Repeater.startRunnerWithArgs(IdeaTestRunner.java:35)\n\tat com.intellij.rt.junit.JUnitStarter.prepareStreamsAndStart(JUnitStarter.java:232)\n\tat com.intellij.rt.junit.JUnitStarter.main(JUnitStarter.java:55)\n","duration":4420523000,"status":"failed"},"line":10,"name":"i complete the site","match":{"location":"com.patron.uiTrainingApp.stepDefinitions.UITrainingStep.completeTheSite()"},"keyword":"Then "}]},{"start_timestamp":"2023-07-13T11:25:50.929Z","line":16,"name":"Testing ui training app","description":"","id":"automating-ui-training-app;testing-ui-training-app;;3","type":"scenario","keyword":"Scenario Outline","steps":[{"result":{"duration":3029466000,"status":"passed"},"line":4,"name":"i surf to the website","match":{"location":"com.patron.uiTrainingApp.stepDefinitions.UITrainingStep.openUrl()"},"keyword":"Given "},{"result":{"duration":1109497000,"status":"passed"},"line":5,"name":"i log into app with \"admin\" \"admin\"","match":{"arguments":[{"val":"\"admin\"","offset":20},{"val":"\"admin\"","offset":28}],"location":"com.patron.uiTrainingApp.stepDefinitions.UITrainingStep.login(java.lang.String,java.lang.String)"},"keyword":"When "},{"result":{"duration":1414334000,"status":"passed"},"line":6,"name":"i register a user with \"Jane\" \"Smith\" \"+32499765432\" 1 \"jane.smith@example.com\"","match":{"arguments":[{"val":"\"Jane\"","offset":23},{"val":"\"Smith\"","offset":30},{"val":"\"+32499765432\"","offset":38},{"val":"1","offset":53},{"val":"\"jane.smith@example.com\"","offset":55}],"location":"com.patron.uiTrainingApp.stepDefinitions.UITrainingStep.registerUser(java.lang.String,java.lang.String,java.lang.String,int,java.lang.String)"},"keyword":"When "},{"result":{"duration":349248000,"status":"passed"},"line":7,"name":"i close all the popups","match":{"location":"com.patron.uiTrainingApp.stepDefinitions.UITrainingStep.closePopups()"},"keyword":"When "},{"result":{"duration":454145000,"status":"passed"},"line":8,"name":"a confirm banner and a button should appear","match":{"location":"com.patron.uiTrainingApp.stepDefinitions.UITrainingStep.confirmPopUpsAreClosed()"},"keyword":"Then "},{"result":{"duration":5930432000,"status":"passed"},"line":9,"name":"i click 15 coconuts","match":{"location":"com.patron.uiTrainingApp.stepDefinitions.UITrainingStep.clickCoconuts()"},"keyword":"When "},{"result":{"duration":1575896000,"status":"passed"},"line":10,"name":"i complete the site","match":{"location":"com.patron.uiTrainingApp.stepDefinitions.UITrainingStep.completeTheSite()"},"keyword":"Then "}]}],"name":"Automating UI Training App","description":"","id":"automating-ui-training-app","keyword":"Feature","uri":"file:src/test/java/com/patron/uiTrainingApp/features/uiTraining.feature","tags":[]}]