[{"line":2,"elements":[{"start_timestamp":"2023-07-24T10:34:39.710Z","line":4,"name":"A scenario","description":"","id":"completing-the-internet-app;a-scenario","type":"scenario","keyword":"Scenario","steps":[{"result":{"duration":8343638000,"status":"passed"},"line":5,"name":"i open the website","match":{"location":"com.patron.theInternetApp.stepDefinitions.CommonStep.openWebsite()"},"keyword":"Given "},{"result":{"duration":1870922000,"status":"passed"},"line":6,"name":"i perform the checkbox test","match":{"location":"com.patron.theInternetApp.stepDefinitions.TheInternetStep.checkBoxTest()"},"keyword":"Then "},{"result":{"duration":558474000,"status":"passed"},"line":7,"name":"i perform the Drag and Drop Test","match":{"location":"com.patron.theInternetApp.stepDefinitions.TheInternetStep.iPerformTheDragAndDropTest()"},"keyword":"Then "},{"result":{"duration":555094000,"status":"passed"},"line":8,"name":"i perform the Dropdown Test","match":{"location":"com.patron.theInternetApp.stepDefinitions.TheInternetStep.iPerformTheDropdownTest()"},"keyword":"Then "},{"result":{"duration":5424351000,"status":"passed"},"line":9,"name":"i perform the Dynamic Control Test","match":{"location":"com.patron.theInternetApp.stepDefinitions.TheInternetStep.iPerformTheDynamicControlTest()"},"keyword":"Then "},{"result":{"duration":12079028000,"status":"passed"},"line":10,"name":"i perform the Dynamic Load Test","match":{"location":"com.patron.theInternetApp.stepDefinitions.TheInternetStep.iPerformTheDynamicLoadTest()"},"keyword":"Then "},{"result":{"duration":1746168000,"status":"passed"},"line":11,"name":"i perform the Entry Add Test","match":{"location":"com.patron.theInternetApp.stepDefinitions.TheInternetStep.iPerformTheEntryAddTest()"},"keyword":"Then "},{"result":{"duration":1065033000,"status":"passed"},"line":12,"name":"i perform the Download Test","match":{"location":"com.patron.theInternetApp.stepDefinitions.TheInternetStep.iPerformTheDownloadTest()"},"keyword":"Then "},{"result":{"duration":2730689000,"status":"passed"},"line":13,"name":"i perform the Form Auth Test with \"tomsmith\" \"SuperSecretPassword!\"","match":{"arguments":[{"val":"\"tomsmith\"","offset":34},{"val":"\"SuperSecretPassword!\"","offset":45}],"location":"com.patron.theInternetApp.stepDefinitions.TheInternetStep.iPerformTheFormAuthTest(java.lang.String,java.lang.String)"},"keyword":"Then "},{"result":{"duration":13530946000,"status":"passed"},"line":14,"name":"i perform the Frame Test","match":{"location":"com.patron.theInternetApp.stepDefinitions.TheInternetStep.iPerformTheFrameTest()"},"keyword":"Then "},{"result":{"duration":1382290000,"status":"passed"},"line":15,"name":"i perform the Slider Test","match":{"location":"com.patron.theInternetApp.stepDefinitions.TheInternetStep.iPerformTheSliderTest()"},"keyword":"Then "},{"result":{"duration":1109190000,"status":"passed"},"line":16,"name":"i perform the Hover Test","match":{"location":"com.patron.theInternetApp.stepDefinitions.TheInternetStep.iPerformTheHoverTest()"},"keyword":"Then "},{"result":{"duration":4087843000,"status":"passed"},"line":17,"name":"i perform the JQuery Test","match":{"location":"com.patron.theInternetApp.stepDefinitions.TheInternetStep.iPerformTheJQueryTest()"},"keyword":"Then "},{"result":{"duration":1618452000,"status":"passed"},"line":18,"name":"i perform the JavaScript Alerts Test","match":{"location":"com.patron.theInternetApp.stepDefinitions.TheInternetStep.iPerformTheJavaScriptAlertsTest()"},"keyword":"Then "},{"result":{"duration":1626633000,"status":"passed"},"line":19,"name":"i perform the windows Test","match":{"location":"com.patron.theInternetApp.stepDefinitions.TheInternetStep.iPerformTheWindowsTest()"},"keyword":"Then "},{"result":{"error_message":"Element not found {By.linkText: Context Menu}\nExpected: clickable: interactable and enabled\nPage source: file:/Users/werk/Documents/selenium_selenide/selenideTestProject/build/reports/tests/1690194941521.0.html\nTimeout: 4 s.\nCaused by: NoSuchWindowException: no such window: target window already closed\n\tat com.codeborne.selenide.impl.WebElementSource.createElementNotFoundError(WebElementSource.java:91)\n\tat com.codeborne.selenide.impl.ElementFinder.createElementNotFoundError(ElementFinder.java:142)\n\tat com.codeborne.selenide.impl.WebElementSource.handleError(WebElementSource.java:143)\n\tat com.codeborne.selenide.impl.WebElementSource.checkConditionAndReturnElement(WebElementSource.java:127)\n\tat com.codeborne.selenide.impl.WebElementSource.findAndAssertElementIsClickable(WebElementSource.java:173)\n\tat com.codeborne.selenide.commands.Click.findElement(Click.java:46)\n\tat com.codeborne.selenide.commands.Click.execute(Click.java:28)\n\tat com.codeborne.selenide.commands.Click.execute(Click.java:21)\n\tat com.codeborne.selenide.commands.Commands.execute(Commands.java:162)\n\tat com.codeborne.selenide.impl.SelenideElementProxy.dispatchAndRetry(SelenideElementProxy.java:132)\n\tat com.codeborne.selenide.impl.SelenideElementProxy.invoke(SelenideElementProxy.java:84)\n\tat jdk.proxy2/jdk.proxy2.$Proxy17.click(Unknown Source)\n\tat com.patron.theInternetApp.pages.ContextMenuPage.testContextMenu(ContextMenuPage.java:21)\n\tat com.patron.theInternetApp.stepDefinitions.TheInternetStep.contextMenuTest(TheInternetStep.java:31)\n\tat âœ½.i perform the context menu test(file:///Users/werk/Documents/selenium_selenide/selenideTestProject/src/test/java/com/patron/theInternetApp/features/TheInternet.feature:20)\nCaused by: org.openqa.selenium.NoSuchWindowException: no such window: target window already closed\nfrom unknown error: web view not found\n  (Session info: chrome=114.0.5735.198)\nBuild info: version: '4.10.0', revision: 'c14d967899'\nSystem info: os.name: 'Mac OS X', os.arch: 'x86_64', os.version: '13.4', java.version: '19.0.1'\nDriver info: org.openqa.selenium.chrome.ChromeDriver\nCommand: [986246a0d7b3ffc900b31d13330f01e7, findElement {using=link text, value=Context Menu}]\nCapabilities {acceptInsecureCerts: true, browserName: chrome, browserVersion: 114.0.5735.198, chrome: {chromedriverVersion: 114.0.5735.90 (386bc09e8f4f..., userDataDir: /var/folders/m0/rknbkcc91ls...}, goog:chromeOptions: {debuggerAddress: localhost:55445}, networkConnectionEnabled: false, pageLoadStrategy: normal, platformName: mac, proxy: Proxy(), se:cdp: ws://localhost:55445/devtoo..., se:cdpVersion: 114.0.5735.198, setWindowRect: true, strictFileInteractability: false, timeouts: {implicit: 0, pageLoad: 300000, script: 30000}, unhandledPromptBehavior: accept, webauthn:extension:credBlob: true, webauthn:extension:largeBlob: true, webauthn:extension:minPinLength: true, webauthn:extension:prf: true, webauthn:virtualAuthenticators: true}\nSession ID: 986246a0d7b3ffc900b31d13330f01e7\n\tat java.base/jdk.internal.reflect.DirectConstructorHandleAccessor.newInstance(DirectConstructorHandleAccessor.java:67)\n\tat java.base/java.lang.reflect.Constructor.newInstanceWithCaller(Constructor.java:500)\n\tat java.base/java.lang.reflect.Constructor.newInstance(Constructor.java:484)\n\tat org.openqa.selenium.remote.codec.w3c.W3CHttpResponseCodec.createException(W3CHttpResponseCodec.java:199)\n\tat org.openqa.selenium.remote.codec.w3c.W3CHttpResponseCodec.decode(W3CHttpResponseCodec.java:132)\n\tat org.openqa.selenium.remote.codec.w3c.W3CHttpResponseCodec.decode(W3CHttpResponseCodec.java:51)\n\tat org.openqa.selenium.remote.HttpCommandExecutor.execute(HttpCommandExecutor.java:191)\n\tat org.openqa.selenium.remote.service.DriverCommandExecutor.invokeExecute(DriverCommandExecutor.java:196)\n\tat org.openqa.selenium.remote.service.DriverCommandExecutor.execute(DriverCommandExecutor.java:171)\n\tat org.openqa.selenium.remote.RemoteWebDriver.execute(RemoteWebDriver.java:531)\n\tat org.openqa.selenium.remote.ElementLocation$ElementFinder$2.findElement(ElementLocation.java:165)\n\tat org.openqa.selenium.remote.ElementLocation.findElement(ElementLocation.java:59)\n\tat org.openqa.selenium.remote.RemoteWebDriver.findElement(RemoteWebDriver.java:350)\n\tat org.openqa.selenium.remote.RemoteWebDriver.findElement(RemoteWebDriver.java:344)\n\tat com.codeborne.selenide.impl.WebElementSelector.findElement(WebElementSelector.java:70)\n\tat com.codeborne.selenide.impl.WebElementSelector.findElement(WebElementSelector.java:44)\n\tat com.codeborne.selenide.impl.WebElementSelector.findElement(WebElementSelector.java:33)\n\tat com.codeborne.selenide.impl.ElementFinder.getWebElement(ElementFinder.java:122)\n\tat com.codeborne.selenide.impl.WebElementSource.checkConditionAndReturnElement(WebElementSource.java:116)\n\tat com.codeborne.selenide.impl.WebElementSource.findAndAssertElementIsClickable(WebElementSource.java:173)\n\tat com.codeborne.selenide.commands.Click.findElement(Click.java:46)\n\tat com.codeborne.selenide.commands.Click.execute(Click.java:28)\n\tat com.codeborne.selenide.commands.Click.execute(Click.java:21)\n\tat com.codeborne.selenide.commands.Commands.execute(Commands.java:162)\n\tat com.codeborne.selenide.impl.SelenideElementProxy.dispatchAndRetry(SelenideElementProxy.java:132)\n\tat com.codeborne.selenide.impl.SelenideElementProxy.invoke(SelenideElementProxy.java:84)\n\tat jdk.proxy2/jdk.proxy2.$Proxy17.click(Unknown Source)\n\tat com.patron.theInternetApp.pages.ContextMenuPage.testContextMenu(ContextMenuPage.java:21)\n\tat com.patron.theInternetApp.stepDefinitions.TheInternetStep.contextMenuTest(TheInternetStep.java:31)\n\tat java.base/jdk.internal.reflect.DirectMethodHandleAccessor.invoke(DirectMethodHandleAccessor.java:104)\n\tat java.base/java.lang.reflect.Method.invoke(Method.java:578)\n\tat io.cucumber.java.Invoker.doInvoke(Invoker.java:66)\n\tat io.cucumber.java.Invoker.invoke(Invoker.java:24)\n\tat io.cucumber.java.AbstractGlueDefinition.invokeMethod(AbstractGlueDefinition.java:47)\n\tat io.cucumber.java.JavaStepDefinition.execute(JavaStepDefinition.java:29)\n\tat io.cucumber.core.runner.CoreStepDefinition.execute(CoreStepDefinition.java:66)\n\tat io.cucumber.core.runner.PickleStepDefinitionMatch.runStep(PickleStepDefinitionMatch.java:63)\n\tat io.cucumber.core.runner.ExecutionMode$1.execute(ExecutionMode.java:10)\n\tat io.cucumber.core.runner.TestStep.executeStep(TestStep.java:84)\n\tat io.cucumber.core.runner.TestStep.run(TestStep.java:56)\n\tat io.cucumber.core.runner.PickleStepTestStep.run(PickleStepTestStep.java:51)\n\tat io.cucumber.core.runner.TestCase.run(TestCase.java:84)\n\tat io.cucumber.core.runner.Runner.runPickle(Runner.java:75)\n\tat io.cucumber.junit.PickleRunners$NoStepDescriptions.lambda$run$0(PickleRunners.java:151)\n\tat io.cucumber.core.runtime.CucumberExecutionContext.lambda$runTestCase$5(CucumberExecutionContext.java:137)\n\tat io.cucumber.core.runtime.RethrowingThrowableCollector.executeAndThrow(RethrowingThrowableCollector.java:23)\n\tat io.cucumber.core.runtime.CucumberExecutionContext.runTestCase(CucumberExecutionContext.java:137)\n\tat io.cucumber.junit.PickleRunners$NoStepDescriptions.run(PickleRunners.java:148)\n\tat io.cucumber.junit.FeatureRunner.runChild(FeatureRunner.java:144)\n\tat io.cucumber.junit.FeatureRunner.runChild(FeatureRunner.java:28)\n\tat org.junit.runners.ParentRunner$4.run(ParentRunner.java:331)\n\tat org.junit.runners.ParentRunner$1.schedule(ParentRunner.java:79)\n\tat org.junit.runners.ParentRunner.runChildren(ParentRunner.java:329)\n\tat org.junit.runners.ParentRunner.access$100(ParentRunner.java:66)\n\tat org.junit.runners.ParentRunner$2.evaluate(ParentRunner.java:293)\n\tat org.junit.runners.ParentRunner$3.evaluate(ParentRunner.java:306)\n\tat org.junit.runners.ParentRunner.run(ParentRunner.java:413)\n\tat io.cucumber.junit.FeatureRunner.run(FeatureRunner.java:137)\n\tat io.cucumber.junit.Cucumber.runChild(Cucumber.java:196)\n\tat io.cucumber.junit.Cucumber.runChild(Cucumber.java:89)\n\tat org.junit.runners.ParentRunner$4.run(ParentRunner.java:331)\n\tat org.junit.runners.ParentRunner$1.schedule(ParentRunner.java:79)\n\tat org.junit.runners.ParentRunner.runChildren(ParentRunner.java:329)\n\tat org.junit.runners.ParentRunner.access$100(ParentRunner.java:66)\n\tat org.junit.runners.ParentRunner$2.evaluate(ParentRunner.java:293)\n\tat io.cucumber.core.runtime.CucumberExecutionContext.lambda$runFeatures$6(CucumberExecutionContext.java:148)\n\tat io.cucumber.core.runtime.CucumberExecutionContext.execute(CucumberExecutionContext.java:163)\n\tat io.cucumber.core.runtime.CucumberExecutionContext.runFeatures(CucumberExecutionContext.java:146)\n\tat io.cucumber.junit.Cucumber$StartAndFinishTestRun.evaluate(Cucumber.java:226)\n\tat org.junit.runners.ParentRunner$3.evaluate(ParentRunner.java:306)\n\tat org.junit.runners.ParentRunner.run(ParentRunner.java:413)\n\tat org.junit.runner.JUnitCore.run(JUnitCore.java:137)\n\tat com.intellij.junit4.JUnit4IdeaTestRunner.startRunnerWithArgs(JUnit4IdeaTestRunner.java:69)\n\tat com.intellij.rt.junit.IdeaTestRunner$Repeater$1.execute(IdeaTestRunner.java:38)\n\tat com.intellij.rt.execution.junit.TestsRepeater.repeat(TestsRepeater.java:11)\n\tat com.intellij.rt.junit.IdeaTestRunner$Repeater.startRunnerWithArgs(IdeaTestRunner.java:35)\n\tat com.intellij.rt.junit.JUnitStarter.prepareStreamsAndStart(JUnitStarter.java:232)\n\tat com.intellij.rt.junit.JUnitStarter.main(JUnitStarter.java:55)\n","duration":4090840000,"status":"failed"},"line":20,"name":"i perform the context menu test","match":{"location":"com.patron.theInternetApp.stepDefinitions.TheInternetStep.contextMenuTest()"},"keyword":"Then "}]}],"name":"completing The internet app","description":"","id":"completing-the-internet-app","keyword":"Feature","uri":"file:src/test/java/com/patron/theInternetApp/features/TheInternet.feature","tags":[]}]